[ 2025-09-05 23:10:36,919 ] 1025 httpx - INFO - HTTP Request: GET https://dagshub.com/api/v1/user "HTTP/1.1 200 OK"
[ 2025-09-05 23:10:36,930 ] 107 dagshub - INFO - Accessing as yashwanth0098
[ 2025-09-05 23:10:37,541 ] 1025 httpx - INFO - HTTP Request: GET https://dagshub.com/api/v1/repos/yashwanth0098/Network_Security "HTTP/1.1 200 OK"
[ 2025-09-05 23:10:38,077 ] 1025 httpx - INFO - HTTP Request: GET https://dagshub.com/api/v1/user "HTTP/1.1 200 OK"
[ 2025-09-05 23:10:38,077 ] 107 dagshub - INFO - Initialized MLflow to track repo "yashwanth0098/Network_Security"
[ 2025-09-05 23:10:38,077 ] 107 dagshub - INFO - Repository yashwanth0098/Network_Security initialized!
[ 2025-09-05 23:10:38,077 ] 17 root - INFO - Intiate the data ingestion
[ 2025-09-05 23:10:50,584 ] 67 root - INFO - performed train test split on the dataframe
[ 2025-09-05 23:10:50,585 ] 69 root - INFO - Exited split_data_as_train_test method of Data_ingestion class
[ 2025-09-05 23:10:50,585 ] 78 root - INFO - Exporting train and test file path.
[ 2025-09-05 23:10:50,619 ] 84 root - INFO - Exported train and test file path.
[ 2025-09-05 23:10:50,621 ] 20 root - INFO - Data Ingestion Completed
[ 2025-09-05 23:10:50,624 ] 24 root - INFO - Intiate the data validation
[ 2025-09-05 23:10:50,641 ] 32 root - INFO - Required number of columns: 2
[ 2025-09-05 23:10:50,641 ] 33 root - INFO - Data frame has columns: 31
[ 2025-09-05 23:10:50,641 ] 84 root - ERROR - Train dataframe does not contain all columns.

[ 2025-09-05 23:10:50,641 ] 32 root - INFO - Required number of columns: 2
[ 2025-09-05 23:10:50,641 ] 33 root - INFO - Data frame has columns: 31
[ 2025-09-05 23:10:50,641 ] 88 root - ERROR - Test dataframe does not contain all columns.

[ 2025-09-05 23:10:50,742 ] 26 root - INFO - Data Validation Completed
[ 2025-09-05 23:10:50,744 ] 31 root - INFO - Intiate the data transformation
[ 2025-09-05 23:10:50,744 ] 62 root - INFO - Entered initiate_data_transformation method of DataTransformation class
[ 2025-09-05 23:10:50,744 ] 65 root - INFO - Starting data transformation
[ 2025-09-05 23:10:50,760 ] 48 root - INFO - Entered get_data_transformer_object method of DataTransformation class
[ 2025-09-05 23:10:50,760 ] 52 root - INFO - Imputer object created with parameters: {'missing_values': nan, 'n_neighbors': 3, 'weights': 'uniform'}
[ 2025-09-05 23:10:50,768 ] 55 root - INFO - Entered the save_object method of MainUtils class
[ 2025-09-05 23:10:50,770 ] 64 root - INFO - Exited the save_object method of MainUtils class
[ 2025-09-05 23:10:50,770 ] 55 root - INFO - Entered the save_object method of MainUtils class
[ 2025-09-05 23:10:50,772 ] 64 root - INFO - Exited the save_object method of MainUtils class
[ 2025-09-05 23:10:50,772 ] 34 root - INFO - Data Transformation Completed
[ 2025-09-05 23:10:50,772 ] 36 root - INFO - Model Training Started
[ 2025-09-05 23:12:53,036 ] 55 root - INFO - Entered the save_object method of MainUtils class
[ 2025-09-05 23:12:53,068 ] 64 root - INFO - Exited the save_object method of MainUtils class
[ 2025-09-05 23:12:53,068 ] 55 root - INFO - Entered the save_object method of MainUtils class
[ 2025-09-05 23:12:53,101 ] 64 root - INFO - Exited the save_object method of MainUtils class
[ 2025-09-05 23:12:53,101 ] 55 root - INFO - Entered the save_object method of MainUtils class
[ 2025-09-05 23:12:53,127 ] 64 root - INFO - Exited the save_object method of MainUtils class
[ 2025-09-05 23:12:53,127 ] 131 root - INFO - Model trainer artifact: ModelTrainerArtifact(trained_model_file_path='Artifacts\\09_05_2025_23_10_35\\model_trainer\\trained_model\\model.pkl', train_metric_artifact=ClassificationMetricArtifact(f1_score=0.9909310761789601, precision_score=0.9889380530973452, recall_score=0.9929321486268174), test_metric_artifact=ClassificationMetricArtifact(f1_score=0.9741060419235512, precision_score=0.9649837133550488, recall_score=0.983402489626556))
[ 2025-09-05 23:12:53,127 ] 41 root - INFO - Model Training Artifact created 
