[ 2025-09-06 00:50:57,179 ] 1025 httpx - INFO - HTTP Request: GET https://dagshub.com/api/v1/user "HTTP/1.1 200 OK"
[ 2025-09-06 00:50:57,179 ] 107 dagshub - INFO - Accessing as yashwanth0098
[ 2025-09-06 00:50:57,892 ] 1025 httpx - INFO - HTTP Request: GET https://dagshub.com/api/v1/repos/yashwanth0098/Network_Security "HTTP/1.1 200 OK"
[ 2025-09-06 00:50:58,507 ] 1025 httpx - INFO - HTTP Request: GET https://dagshub.com/api/v1/user "HTTP/1.1 200 OK"
[ 2025-09-06 00:50:58,507 ] 107 dagshub - INFO - Initialized MLflow to track repo "yashwanth0098/Network_Security"
[ 2025-09-06 00:50:58,518 ] 107 dagshub - INFO - Repository yashwanth0098/Network_Security initialized!
[ 2025-09-06 00:52:17,039 ] 38 root - INFO - start data ingestion
[ 2025-09-06 00:52:31,880 ] 67 root - INFO - performed train test split on the dataframe
[ 2025-09-06 00:52:31,880 ] 69 root - INFO - Exited split_data_as_train_test method of Data_ingestion class
[ 2025-09-06 00:52:31,881 ] 78 root - INFO - Exporting train and test file path.
[ 2025-09-06 00:52:31,947 ] 84 root - INFO - Exported train and test file path.
[ 2025-09-06 00:52:31,947 ] 41 root - INFO - Data Ingestion completed: DataIngestionArtifact(trained_file_path='Artifacts\\09_06_2025_00_50_55\\data_ingestion\\ingested\\train.csv', test_file_path='Artifacts\\09_06_2025_00_50_55\\data_ingestion\\ingested\\test.csv')
[ 2025-09-06 00:52:31,955 ] 52 root - INFO - Initiate the Data Validation Started
[ 2025-09-06 00:52:31,976 ] 32 root - INFO - Required number of columns: 2
[ 2025-09-06 00:52:31,976 ] 33 root - INFO - Data frame has columns: 31
[ 2025-09-06 00:52:31,976 ] 84 root - ERROR - Train dataframe does not contain all columns.

[ 2025-09-06 00:52:31,976 ] 32 root - INFO - Required number of columns: 2
[ 2025-09-06 00:52:31,976 ] 33 root - INFO - Data frame has columns: 31
[ 2025-09-06 00:52:31,976 ] 88 root - ERROR - Test dataframe does not contain all columns.

[ 2025-09-06 00:52:32,183 ] 62 root - INFO - Entered initiate_data_transformation method of DataTransformation class
[ 2025-09-06 00:52:32,183 ] 65 root - INFO - Starting data transformation
[ 2025-09-06 00:52:32,226 ] 48 root - INFO - Entered get_data_transformer_object method of DataTransformation class
[ 2025-09-06 00:52:32,226 ] 52 root - INFO - Imputer object created with parameters: {'missing_values': nan, 'n_neighbors': 3, 'weights': 'uniform'}
[ 2025-09-06 00:52:32,241 ] 55 root - INFO - Entered the save_object method of MainUtils class
[ 2025-09-06 00:52:32,247 ] 64 root - INFO - Exited the save_object method of MainUtils class
[ 2025-09-06 00:52:32,247 ] 55 root - INFO - Entered the save_object method of MainUtils class
[ 2025-09-06 00:52:32,248 ] 64 root - INFO - Exited the save_object method of MainUtils class
[ 2025-09-06 00:55:21,059 ] 55 root - INFO - Entered the save_object method of MainUtils class
[ 2025-09-06 00:55:21,098 ] 64 root - INFO - Exited the save_object method of MainUtils class
[ 2025-09-06 00:55:21,099 ] 55 root - INFO - Entered the save_object method of MainUtils class
[ 2025-09-06 00:55:21,128 ] 64 root - INFO - Exited the save_object method of MainUtils class
[ 2025-09-06 00:55:21,128 ] 55 root - INFO - Entered the save_object method of MainUtils class
[ 2025-09-06 00:55:21,156 ] 64 root - INFO - Exited the save_object method of MainUtils class
[ 2025-09-06 00:55:21,156 ] 131 root - INFO - Model trainer artifact: ModelTrainerArtifact(trained_model_file_path='Artifacts\\09_06_2025_00_50_55\\model_trainer\\trained_model\\model.pkl', train_metric_artifact=ClassificationMetricArtifact(f1_score=0.9919306031874118, precision_score=0.9877460827641623, recall_score=0.9961507293354943), test_metric_artifact=ClassificationMetricArtifact(f1_score=0.9719626168224298, precision_score=0.964516129032258, recall_score=0.9795249795249795))
[ 2025-09-06 00:55:21,163 ] 38 root - INFO - start data ingestion
[ 2025-09-06 00:55:32,859 ] 67 root - INFO - performed train test split on the dataframe
[ 2025-09-06 00:55:32,859 ] 69 root - INFO - Exited split_data_as_train_test method of Data_ingestion class
[ 2025-09-06 00:55:32,859 ] 78 root - INFO - Exporting train and test file path.
[ 2025-09-06 00:55:32,899 ] 84 root - INFO - Exported train and test file path.
[ 2025-09-06 00:55:32,899 ] 41 root - INFO - Data Ingestion completed: DataIngestionArtifact(trained_file_path='Artifacts\\09_06_2025_00_50_55\\data_ingestion\\ingested\\train.csv', test_file_path='Artifacts\\09_06_2025_00_50_55\\data_ingestion\\ingested\\test.csv')
[ 2025-09-06 00:55:32,907 ] 52 root - INFO - Initiate the Data Validation Started
[ 2025-09-06 00:55:32,922 ] 32 root - INFO - Required number of columns: 2
[ 2025-09-06 00:55:32,922 ] 33 root - INFO - Data frame has columns: 31
[ 2025-09-06 00:55:32,922 ] 84 root - ERROR - Train dataframe does not contain all columns.

[ 2025-09-06 00:55:32,922 ] 32 root - INFO - Required number of columns: 2
[ 2025-09-06 00:55:32,922 ] 33 root - INFO - Data frame has columns: 31
[ 2025-09-06 00:55:32,922 ] 88 root - ERROR - Test dataframe does not contain all columns.

[ 2025-09-06 00:55:33,031 ] 62 root - INFO - Entered initiate_data_transformation method of DataTransformation class
[ 2025-09-06 00:55:33,031 ] 65 root - INFO - Starting data transformation
[ 2025-09-06 00:55:33,051 ] 48 root - INFO - Entered get_data_transformer_object method of DataTransformation class
[ 2025-09-06 00:55:33,051 ] 52 root - INFO - Imputer object created with parameters: {'missing_values': nan, 'n_neighbors': 3, 'weights': 'uniform'}
[ 2025-09-06 00:55:33,059 ] 55 root - INFO - Entered the save_object method of MainUtils class
[ 2025-09-06 00:55:33,061 ] 64 root - INFO - Exited the save_object method of MainUtils class
[ 2025-09-06 00:55:33,061 ] 55 root - INFO - Entered the save_object method of MainUtils class
[ 2025-09-06 00:55:33,063 ] 64 root - INFO - Exited the save_object method of MainUtils class
[ 2025-09-06 00:57:24,551 ] 55 root - INFO - Entered the save_object method of MainUtils class
[ 2025-09-06 00:57:24,572 ] 64 root - INFO - Exited the save_object method of MainUtils class
[ 2025-09-06 00:57:24,572 ] 55 root - INFO - Entered the save_object method of MainUtils class
[ 2025-09-06 00:57:24,588 ] 64 root - INFO - Exited the save_object method of MainUtils class
[ 2025-09-06 00:57:24,588 ] 55 root - INFO - Entered the save_object method of MainUtils class
[ 2025-09-06 00:57:24,602 ] 64 root - INFO - Exited the save_object method of MainUtils class
[ 2025-09-06 00:57:24,602 ] 131 root - INFO - Model trainer artifact: ModelTrainerArtifact(trained_model_file_path='Artifacts\\09_06_2025_00_50_55\\model_trainer\\trained_model\\model.pkl', train_metric_artifact=ClassificationMetricArtifact(f1_score=0.9916507393622372, precision_score=0.9889646869983949, recall_score=0.9943514222311882), test_metric_artifact=ClassificationMetricArtifact(f1_score=0.9731293923108723, precision_score=0.9655455291222313, recall_score=0.9808333333333333))
