[ 2025-09-07 21:10:36,940 ] 1025 httpx - INFO - HTTP Request: GET https://dagshub.com/api/v1/user "HTTP/1.1 200 OK"
[ 2025-09-07 21:10:36,940 ] 107 dagshub - INFO - Accessing as yashwanth0098
[ 2025-09-07 21:10:37,719 ] 1025 httpx - INFO - HTTP Request: GET https://dagshub.com/api/v1/repos/yashwanth0098/Network_Security "HTTP/1.1 200 OK"
[ 2025-09-07 21:10:39,190 ] 1025 httpx - INFO - HTTP Request: GET https://dagshub.com/api/v1/user "HTTP/1.1 200 OK"
[ 2025-09-07 21:10:39,190 ] 107 dagshub - INFO - Initialized MLflow to track repo "yashwanth0098/Network_Security"
[ 2025-09-07 21:10:39,190 ] 107 dagshub - INFO - Repository yashwanth0098/Network_Security initialized!
[ 2025-09-07 21:12:21,604 ] 38 root - INFO - start data ingestion
[ 2025-09-07 21:12:25,408 ] 67 root - INFO - performed train test split on the dataframe
[ 2025-09-07 21:12:25,408 ] 69 root - INFO - Exited split_data_as_train_test method of Data_ingestion class
[ 2025-09-07 21:12:25,410 ] 78 root - INFO - Exporting train and test file path.
[ 2025-09-07 21:12:25,506 ] 84 root - INFO - Exported train and test file path.
[ 2025-09-07 21:12:25,506 ] 41 root - INFO - Data Ingestion completed: DataIngestionArtifact(trained_file_path='Artifacts\\09_07_2025_21_10_33\\data_ingestion\\ingested\\train.csv', test_file_path='Artifacts\\09_07_2025_21_10_33\\data_ingestion\\ingested\\test.csv')
[ 2025-09-07 21:12:25,509 ] 52 root - INFO - Initiate the Data Validation Started
[ 2025-09-07 21:12:25,553 ] 32 root - INFO - Required number of columns: 2
[ 2025-09-07 21:12:25,553 ] 33 root - INFO - Data frame has columns: 31
[ 2025-09-07 21:12:25,553 ] 84 root - ERROR - Train dataframe does not contain all columns.

[ 2025-09-07 21:12:25,553 ] 32 root - INFO - Required number of columns: 2
[ 2025-09-07 21:12:25,553 ] 33 root - INFO - Data frame has columns: 31
[ 2025-09-07 21:12:25,553 ] 88 root - ERROR - Test dataframe does not contain all columns.

[ 2025-09-07 21:12:25,760 ] 62 root - INFO - Entered initiate_data_transformation method of DataTransformation class
[ 2025-09-07 21:12:25,760 ] 65 root - INFO - Starting data transformation
[ 2025-09-07 21:12:25,795 ] 48 root - INFO - Entered get_data_transformer_object method of DataTransformation class
[ 2025-09-07 21:12:25,795 ] 52 root - INFO - Imputer object created with parameters: {'missing_values': nan, 'n_neighbors': 3, 'weights': 'uniform'}
[ 2025-09-07 21:12:25,809 ] 55 root - INFO - Entered the save_object method of MainUtils class
[ 2025-09-07 21:12:25,815 ] 64 root - INFO - Exited the save_object method of MainUtils class
[ 2025-09-07 21:12:25,815 ] 55 root - INFO - Entered the save_object method of MainUtils class
[ 2025-09-07 21:12:25,815 ] 64 root - INFO - Exited the save_object method of MainUtils class
[ 2025-09-07 21:14:46,265 ] 55 root - INFO - Entered the save_object method of MainUtils class
[ 2025-09-07 21:14:46,308 ] 64 root - INFO - Exited the save_object method of MainUtils class
[ 2025-09-07 21:14:46,308 ] 55 root - INFO - Entered the save_object method of MainUtils class
[ 2025-09-07 21:14:46,335 ] 64 root - INFO - Exited the save_object method of MainUtils class
[ 2025-09-07 21:14:46,335 ] 55 root - INFO - Entered the save_object method of MainUtils class
[ 2025-09-07 21:14:46,352 ] 64 root - INFO - Exited the save_object method of MainUtils class
[ 2025-09-07 21:14:46,352 ] 131 root - INFO - Model trainer artifact: ModelTrainerArtifact(trained_model_file_path='Artifacts\\09_07_2025_21_10_33\\model_trainer\\trained_model\\model.pkl', train_metric_artifact=ClassificationMetricArtifact(f1_score=0.9914028522302012, precision_score=0.9869109947643979, recall_score=0.9959357854094696), test_metric_artifact=ClassificationMetricArtifact(f1_score=0.9736000000000001, precision_score=0.9628164556962026, recall_score=0.9846278317152104))
